
>>>>>>>>>> group_filter_map <<<<<<<<<<
group4 : [ { S_34[cc20] }, { S_35[cc20] }, { S_36[cc20] }, { S_37[cc20] }, { S_38[cc20] }, { S_39[cc20] }, { S_40[cc20] }, { S_41[cc20] }, { S_42[cc20] }, { S_43[cc20] }, ]
group3 : [ { S_12[cc9] }, { S_13[cc9] }, { S_14[cc9] }, { S_15[cc9] }, { S_16[cc9] }, { S_17[cc9] }, { S_18[cc9] }, { S_19[cc9] }, { S_20[cc9] }, { S_21[cc9] }, { S_22[cc9] }, { S_23[cc9] }, { S_24[cc9] }, ]
group2 : [ { S_10[cc8] }, { S_11[cc8] }, ]
group1 : [ { S_6[cc5] }, { S_7[cc5] }, ]
group0 : [ { S_1[cc1] }, { S_2[cc1] }, ]

>>>>>>>>>> dependences <<<<<<<<<<
{ S_31[cc17] -> S_32[cc18 = cc17] : 0 <= cc17 <= 15; 
  S_2[cc1] -> S_50[cc27 = cc1] : 0 <= cc1 <= 15; 
  S_48[cc25] -> S_50[cc27 = cc25] : 0 <= cc25 <= 15; 
  S_42[cc20] -> S_43[cc20' = cc20] : 0 <= cc20 <= 15; 
  S_20[cc9] -> S_21[cc9' = cc9] : 0 <= cc9 <= 15; 
  S_61[cc38] -> S_62[cc39 = cc38] : 0 <= cc38 <= 15; 
  S_32[cc18] -> S_45[cc22 = cc18] : 0 <= cc18 <= 15; 
  S_2[cc1] -> S_60[cc37 = cc1] : 0 <= cc1 <= 15; 
  S_34[cc20] -> S_35[cc20' = cc20] : 0 <= cc20 <= 15; 
  S_0[cc0] -> S_4[cc3 = cc0] : 0 <= cc0 <= 15; 
  S_26[cc12] -> S_27[cc13 = cc12] : 0 <= cc12 <= 15; 
  S_3[cc2] -> S_4[cc3 = cc2] : 0 <= cc2 <= 15; 
  S_52[cc29] -> S_57[cc34 = cc29] : 0 <= cc29 <= 15; 
  S_29[cc15] -> S_30[cc16 = cc15] : 0 <= cc15 <= 15; 
  S_2[cc1] -> S_31[cc17 = cc1] : 0 <= cc1 <= 15; 
  S_12[cc9] -> S_58[cc35 = cc9] : 0 <= cc9 <= 15; 
  S_20[cc9] -> S_41[cc20 = cc9] : 0 <= cc9 <= 15; 
  S_49[cc26] -> S_52[cc29 = cc26] : 0 <= cc26 <= 15; 
  S_12[cc9] -> S_13[cc9' = cc9] : 0 <= cc9 <= 15; 
  S_16[cc9] -> S_17[cc9' = cc9] : 0 <= cc9 <= 15; 
  S_60[cc37] -> S_61[cc38 = cc37] : 0 <= cc37 <= 15; 
  S_22[cc9] -> S_24[cc9' = cc9] : 0 <= cc9 <= 15; 
  S_35[cc20] -> S_36[cc20' = cc20] : 0 <= cc20 <= 15; 
  S_41[cc20] -> S_42[cc20' = cc20] : 0 <= cc20 <= 15; 
  S_48[cc25] -> S_49[cc26 = cc25] : 0 <= cc25 <= 15; 
  S_38[cc20] -> S_39[cc20' = cc20] : 0 <= cc20 <= 15; 
  S_4[cc3] -> S_46[cc23 = cc3] : 0 <= cc3 <= 15; 
  S_14[cc9] -> S_15[cc9' = cc9] : 0 <= cc9 <= 15; 
  S_40[cc20] -> S_42[cc20' = cc20] : 0 <= cc20 <= 15; 
  S_4[cc3] -> S_25[cc10 = cc3] : 0 <= cc3 <= 15; 
  S_8[cc6] -> S_9[cc7 = cc6] : 0 <= cc6 <= 15; 
  S_11[cc8] -> S_43[cc20 = cc8] : 0 <= cc8 <= 15; 
  S_17[cc9] -> S_18[cc9' = cc9] : 0 <= cc9 <= 15; 
  S_22[cc9] -> S_23[cc9' = cc9] : 0 <= cc9 <= 15; 
  S_13[cc9] -> S_14[cc9' = cc9] : 0 <= cc9 <= 15; 
  S_9[cc7] -> S_10[cc8 = cc7] : 0 <= cc7 <= 15; 
  S_1[cc1] -> S_55[cc32 = cc1] : 0 <= cc1 <= 15; 
  S_5[cc4] -> S_9[cc7 = cc4] : 0 <= cc4 <= 15; 
  S_51[cc28] -> S_52[cc29 = cc28] : 0 <= cc28 <= 15; 
  S_45[cc22] -> S_46[cc23 = cc22] : 0 <= cc22 <= 15; 
  S_24[cc9] -> S_25[cc10 = cc9] : 0 <= cc9 <= 15; 
  S_58[cc35] -> S_61[cc38 = cc35] : 0 <= cc35 <= 15; 
  S_15[cc9] -> S_16[cc9' = cc9] : 0 <= cc9 <= 15; 
  S_26[cc12] -> S_53[cc30 = cc12] : 0 <= cc12 <= 15; 
  S_2[cc1] -> S_8[cc6 = cc1] : 0 <= cc1 <= 15; 
  S_57[cc34] -> S_63[cc40 = cc34] : 0 <= cc34 <= 15; 
  S_11[cc8] -> S_24[cc9 = cc8] : 0 <= cc8 <= 15; 
  S_11[cc8] -> S_19[cc9 = cc8] : 0 <= cc8 <= 15; 
  S_10[cc8] -> S_11[cc8' = cc8] : 0 <= cc8 <= 15; 
  S_30[cc16] -> S_31[cc17 = cc16] : 0 <= cc16 <= 15; 
  S_54[cc31] -> S_55[cc32 = cc31] : 0 <= cc31 <= 15; 
  S_25[cc10] -> S_54[cc31 = cc10] : 0 <= cc10 <= 15; 
  S_56[cc33] -> S_57[cc34 = cc33] : 0 <= cc33 <= 15; 
  S_1[cc1] -> S_2[cc1' = cc1] : 0 <= cc1 <= 15; 
  S_53[cc30] -> S_56[cc33 = cc30] : 0 <= cc30 <= 15; 
  S_36[cc20] -> S_37[cc20' = cc20] : 0 <= cc20 <= 15; 
  S_55[cc32] -> S_56[cc33 = cc32] : 0 <= cc32 <= 15; 
  S_43[cc20] -> S_44[cc21 = cc20] : 0 <= cc20 <= 15; 
  S_46[cc23] -> S_47[cc24 = cc23] : 0 <= cc23 <= 15; 
  S_29[cc15] -> S_58[cc35 = cc15] : 0 <= cc15 <= 15; 
  S_39[cc20] -> S_40[cc20' = cc20] : 0 <= cc20 <= 15; 
  S_59[cc36] -> S_60[cc37 = cc36] : 0 <= cc36 <= 15; 
  S_62[cc39] -> S_63[cc40 = cc39] : 0 <= cc39 <= 15; 
  S_1[cc1] -> S_28[cc14 = cc1] : 0 <= cc1 <= 15; 
  S_27[cc13] -> S_28[cc14 = cc13] : 0 <= cc13 <= 15; 
  S_6[cc5] -> S_7[cc5' = cc5] : 0 <= cc5 <= 15; 
  S_12[cc9] -> S_53[cc30 = cc9] : 0 <= cc9 <= 15; 
  S_50[cc27] -> S_51[cc28 = cc27] : 0 <= cc27 <= 15; 
  S_23[cc9] -> S_24[cc9' = cc9] : 0 <= cc9 <= 15; 
  S_18[cc9] -> S_23[cc9' = cc9] : 0 <= cc9 <= 15; 
  S_32[cc18] -> S_33[cc19 = cc18] : 0 <= cc18 <= 15; 
  S_41[cc20] -> S_43[cc20' = cc20] : 0 <= cc20 <= 15; 
  S_19[cc9] -> S_20[cc9' = cc9] : 0 <= cc9 <= 15; 
  S_47[cc24] -> S_48[cc25 = cc24] : 0 <= cc24 <= 15; 
  S_2[cc1] -> S_3[cc2 = cc1] : 0 <= cc1 <= 15; 
  S_7[cc5] -> S_29[cc15 = cc5] : 0 <= cc5 <= 15; 
  S_21[cc9] -> S_22[cc9' = cc9] : 0 <= cc9 <= 15; 
  S_25[cc10] -> S_33[cc19 = cc10] : 0 <= cc10 <= 15; 
  S_28[cc14] -> S_32[cc18 = cc14] : 0 <= cc14 <= 15; 
  S_44[cc21] -> S_47[cc24 = cc21] : 0 <= cc21 <= 15; 
  S_54[cc31] -> S_59[cc36 = cc31] : 0 <= cc31 <= 15; 
  S_37[cc20] -> S_38[cc20' = cc20] : 0 <= cc20 <= 15; 
  S_7[cc5] -> S_8[cc6 = cc5] : 0 <= cc5 <= 15 }

>>>>>>>>>> constraints <<<<<<<<<<
domain: "{ S_10[cc8] : 0 <= cc8 <= 15;"
          "S_12[cc9] : 0 <= cc9 <= 15;"
          "S_59[cc36] : 0 <= cc36 <= 15;"
          "S_3[cc2] : 0 <= cc2 <= 15;"
          "S_25[cc10] : 0 <= cc10 <= 15;"
          "S_42[cc20] : 0 <= cc20 <= 15;"
          "S_15[cc9] : 0 <= cc9 <= 15;"
          "S_6[cc5] : 0 <= cc5 <= 15;"
          "S_19[cc9] : 0 <= cc9 <= 15;"
          "S_56[cc33] : 0 <= cc33 <= 15;"
          "S_8[cc6] : 0 <= cc6 <= 15;"
          "S_18[cc9] : 0 <= cc9 <= 15;"
          "S_38[cc20] : 0 <= cc20 <= 15;"
          "S_46[cc23] : 0 <= cc23 <= 15;"
          "S_48[cc25] : 0 <= cc25 <= 15;"
          "S_54[cc31] : 0 <= cc31 <= 15;"
          "S_40[cc20] : 0 <= cc20 <= 15;"
          "S_17[cc9] : 0 <= cc9 <= 15;"
          "S_14[cc9] : 0 <= cc9 <= 15;"
          "S_11[cc8] : 0 <= cc8 <= 15;"
          "S_4[cc3] : 0 <= cc3 <= 15;"
          "S_61[cc38] : 0 <= cc38 <= 15;"
          "S_43[cc20] : 0 <= cc20 <= 15;"
          "S_31[cc17] : 0 <= cc17 <= 15;"
          "S_22[cc9] : 0 <= cc9 <= 15;"
          "S_0[cc0] : 0 <= cc0 <= 15;"
          "S_7[cc5] : 0 <= cc5 <= 15;"
          "S_1[cc1] : 0 <= cc1 <= 15;"
          "S_27[cc13] : 0 <= cc13 <= 15;"
          "S_39[cc20] : 0 <= cc20 <= 15;"
          "S_32[cc18] : 0 <= cc18 <= 15;"
          "S_23[cc9] : 0 <= cc9 <= 15;"
          "S_41[cc20] : 0 <= cc20 <= 15;"
          "S_29[cc15] : 0 <= cc15 <= 15;"
          "S_21[cc9] : 0 <= cc9 <= 15;"
          "S_28[cc14] : 0 <= cc14 <= 15;"
          "S_36[cc20] : 0 <= cc20 <= 15;"
          "S_37[cc20] : 0 <= cc20 <= 15;"
          "S_62[cc39] : 0 <= cc39 <= 15;"
          "S_9[cc7] : 0 <= cc7 <= 15;"
          "S_57[cc34] : 0 <= cc34 <= 15;"
          "S_63[cc40] : 0 <= cc40 <= 15;"
          "S_44[cc21] : 0 <= cc21 <= 15;"
          "S_50[cc27] : 0 <= cc27 <= 15;"
          "S_35[cc20] : 0 <= cc20 <= 15;"
          "S_30[cc16] : 0 <= cc16 <= 15;"
          "S_24[cc9] : 0 <= cc9 <= 15;"
          "S_5[cc4] : 0 <= cc4 <= 15;"
          "S_2[cc1] : 0 <= cc1 <= 15;"
          "S_20[cc9] : 0 <= cc9 <= 15;"
          "S_51[cc28] : 0 <= cc28 <= 15;"
          "S_13[cc9] : 0 <= cc9 <= 15;"
          "S_47[cc24] : 0 <= cc24 <= 15;"
          "S_49[cc26] : 0 <= cc26 <= 15;"
          "S_55[cc32] : 0 <= cc32 <= 15;"
          "S_16[cc9] : 0 <= cc9 <= 15;"
          "S_58[cc35] : 0 <= cc35 <= 15;"
          "S_52[cc29] : 0 <= cc29 <= 15;"
          "S_45[cc22] : 0 <= cc22 <= 15;"
          "S_34[cc20] : 0 <= cc20 <= 15;"
          "S_26[cc12] : 0 <= cc12 <= 15;"
          "S_53[cc30] : 0 <= cc30 <= 15;"
          "S_33[cc19] : 0 <= cc19 <= 15;"
          "S_60[cc37] : 0 <= cc37 <= 15 }"
validity: "{ S_31[cc17] -> S_32[cc18 = cc17] : 0 <= cc17 <= 15;"
            "S_2[cc1] -> S_50[cc27 = cc1] : 0 <= cc1 <= 15;"
            "S_48[cc25] -> S_50[cc27 = cc25] : 0 <= cc25 <= 15;"
            "S_42[cc20] -> S_43[cc20' = cc20] : 0 <= cc20 <= 15;"
            "S_20[cc9] -> S_21[cc9' = cc9] : 0 <= cc9 <= 15;"
            "S_61[cc38] -> S_62[cc39 = cc38] : 0 <= cc38 <= 15;"
            "S_32[cc18] -> S_45[cc22 = cc18] : 0 <= cc18 <= 15;"
            "S_2[cc1] -> S_60[cc37 = cc1] : 0 <= cc1 <= 15;"
            "S_34[cc20] -> S_35[cc20' = cc20] : 0 <= cc20 <= 15;"
            "S_0[cc0] -> S_4[cc3 = cc0] : 0 <= cc0 <= 15;"
            "S_26[cc12] -> S_27[cc13 = cc12] : 0 <= cc12 <= 15;"
            "S_3[cc2] -> S_4[cc3 = cc2] : 0 <= cc2 <= 15;"
            "S_52[cc29] -> S_57[cc34 = cc29] : 0 <= cc29 <= 15;"
            "S_29[cc15] -> S_30[cc16 = cc15] : 0 <= cc15 <= 15;"
            "S_2[cc1] -> S_31[cc17 = cc1] : 0 <= cc1 <= 15;"
            "S_12[cc9] -> S_58[cc35 = cc9] : 0 <= cc9 <= 15;"
            "S_20[cc9] -> S_41[cc20 = cc9] : 0 <= cc9 <= 15;"
            "S_49[cc26] -> S_52[cc29 = cc26] : 0 <= cc26 <= 15;"
            "S_12[cc9] -> S_13[cc9' = cc9] : 0 <= cc9 <= 15;"
            "S_16[cc9] -> S_17[cc9' = cc9] : 0 <= cc9 <= 15;"
            "S_60[cc37] -> S_61[cc38 = cc37] : 0 <= cc37 <= 15;"
            "S_22[cc9] -> S_24[cc9' = cc9] : 0 <= cc9 <= 15;"
            "S_35[cc20] -> S_36[cc20' = cc20] : 0 <= cc20 <= 15;"
            "S_41[cc20] -> S_42[cc20' = cc20] : 0 <= cc20 <= 15;"
            "S_48[cc25] -> S_49[cc26 = cc25] : 0 <= cc25 <= 15;"
            "S_38[cc20] -> S_39[cc20' = cc20] : 0 <= cc20 <= 15;"
            "S_4[cc3] -> S_46[cc23 = cc3] : 0 <= cc3 <= 15;"
            "S_14[cc9] -> S_15[cc9' = cc9] : 0 <= cc9 <= 15;"
            "S_40[cc20] -> S_42[cc20' = cc20] : 0 <= cc20 <= 15;"
            "S_4[cc3] -> S_25[cc10 = cc3] : 0 <= cc3 <= 15;"
            "S_8[cc6] -> S_9[cc7 = cc6] : 0 <= cc6 <= 15;"
            "S_11[cc8] -> S_43[cc20 = cc8] : 0 <= cc8 <= 15;"
            "S_17[cc9] -> S_18[cc9' = cc9] : 0 <= cc9 <= 15;"
            "S_22[cc9] -> S_23[cc9' = cc9] : 0 <= cc9 <= 15;"
            "S_13[cc9] -> S_14[cc9' = cc9] : 0 <= cc9 <= 15;"
            "S_9[cc7] -> S_10[cc8 = cc7] : 0 <= cc7 <= 15;"
            "S_1[cc1] -> S_55[cc32 = cc1] : 0 <= cc1 <= 15;"
            "S_5[cc4] -> S_9[cc7 = cc4] : 0 <= cc4 <= 15;"
            "S_51[cc28] -> S_52[cc29 = cc28] : 0 <= cc28 <= 15;"
            "S_45[cc22] -> S_46[cc23 = cc22] : 0 <= cc22 <= 15;"
            "S_24[cc9] -> S_25[cc10 = cc9] : 0 <= cc9 <= 15;"
            "S_58[cc35] -> S_61[cc38 = cc35] : 0 <= cc35 <= 15;"
            "S_15[cc9] -> S_16[cc9' = cc9] : 0 <= cc9 <= 15;"
            "S_26[cc12] -> S_53[cc30 = cc12] : 0 <= cc12 <= 15;"
            "S_2[cc1] -> S_8[cc6 = cc1] : 0 <= cc1 <= 15;"
            "S_57[cc34] -> S_63[cc40 = cc34] : 0 <= cc34 <= 15;"
            "S_11[cc8] -> S_24[cc9 = cc8] : 0 <= cc8 <= 15;"
            "S_11[cc8] -> S_19[cc9 = cc8] : 0 <= cc8 <= 15;"
            "S_10[cc8] -> S_11[cc8' = cc8] : 0 <= cc8 <= 15;"
            "S_30[cc16] -> S_31[cc17 = cc16] : 0 <= cc16 <= 15;"
            "S_54[cc31] -> S_55[cc32 = cc31] : 0 <= cc31 <= 15;"
            "S_25[cc10] -> S_54[cc31 = cc10] : 0 <= cc10 <= 15;"
            "S_56[cc33] -> S_57[cc34 = cc33] : 0 <= cc33 <= 15;"
            "S_1[cc1] -> S_2[cc1' = cc1] : 0 <= cc1 <= 15;"
            "S_53[cc30] -> S_56[cc33 = cc30] : 0 <= cc30 <= 15;"
            "S_36[cc20] -> S_37[cc20' = cc20] : 0 <= cc20 <= 15;"
            "S_55[cc32] -> S_56[cc33 = cc32] : 0 <= cc32 <= 15;"
            "S_43[cc20] -> S_44[cc21 = cc20] : 0 <= cc20 <= 15;"
            "S_46[cc23] -> S_47[cc24 = cc23] : 0 <= cc23 <= 15;"
            "S_29[cc15] -> S_58[cc35 = cc15] : 0 <= cc15 <= 15;"
            "S_39[cc20] -> S_40[cc20' = cc20] : 0 <= cc20 <= 15;"
            "S_59[cc36] -> S_60[cc37 = cc36] : 0 <= cc36 <= 15;"
            "S_62[cc39] -> S_63[cc40 = cc39] : 0 <= cc39 <= 15;"
            "S_1[cc1] -> S_28[cc14 = cc1] : 0 <= cc1 <= 15;"
            "S_27[cc13] -> S_28[cc14 = cc13] : 0 <= cc13 <= 15;"
            "S_6[cc5] -> S_7[cc5' = cc5] : 0 <= cc5 <= 15;"
            "S_12[cc9] -> S_53[cc30 = cc9] : 0 <= cc9 <= 15;"
            "S_50[cc27] -> S_51[cc28 = cc27] : 0 <= cc27 <= 15;"
            "S_23[cc9] -> S_24[cc9' = cc9] : 0 <= cc9 <= 15;"
            "S_18[cc9] -> S_23[cc9' = cc9] : 0 <= cc9 <= 15;"
            "S_32[cc18] -> S_33[cc19 = cc18] : 0 <= cc18 <= 15;"
            "S_41[cc20] -> S_43[cc20' = cc20] : 0 <= cc20 <= 15;"
            "S_19[cc9] -> S_20[cc9' = cc9] : 0 <= cc9 <= 15;"
            "S_47[cc24] -> S_48[cc25 = cc24] : 0 <= cc24 <= 15;"
            "S_2[cc1] -> S_3[cc2 = cc1] : 0 <= cc1 <= 15;"
            "S_7[cc5] -> S_29[cc15 = cc5] : 0 <= cc5 <= 15;"
            "S_21[cc9] -> S_22[cc9' = cc9] : 0 <= cc9 <= 15;"
            "S_25[cc10] -> S_33[cc19 = cc10] : 0 <= cc10 <= 15;"
            "S_28[cc14] -> S_32[cc18 = cc14] : 0 <= cc14 <= 15;"
            "S_44[cc21] -> S_47[cc24 = cc21] : 0 <= cc21 <= 15;"
            "S_54[cc31] -> S_59[cc36 = cc31] : 0 <= cc31 <= 15;"
            "S_37[cc20] -> S_38[cc20' = cc20] : 0 <= cc20 <= 15;"
            "S_7[cc5] -> S_8[cc6 = cc5] : 0 <= cc5 <= 15 }"
proximity: "{ S_31[cc17] -> S_32[cc18 = cc17] : 0 <= cc17 <= 15;"
             "S_2[cc1] -> S_50[cc27 = cc1] : 0 <= cc1 <= 15;"
             "S_48[cc25] -> S_50[cc27 = cc25] : 0 <= cc25 <= 15;"
             "S_42[cc20] -> S_43[cc20' = cc20] : 0 <= cc20 <= 15;"
             "S_20[cc9] -> S_21[cc9' = cc9] : 0 <= cc9 <= 15;"
             "S_61[cc38] -> S_62[cc39 = cc38] : 0 <= cc38 <= 15;"
             "S_32[cc18] -> S_45[cc22 = cc18] : 0 <= cc18 <= 15;"
             "S_2[cc1] -> S_60[cc37 = cc1] : 0 <= cc1 <= 15;"
             "S_34[cc20] -> S_35[cc20' = cc20] : 0 <= cc20 <= 15;"
             "S_0[cc0] -> S_4[cc3 = cc0] : 0 <= cc0 <= 15;"
             "S_26[cc12] -> S_27[cc13 = cc12] : 0 <= cc12 <= 15;"
             "S_3[cc2] -> S_4[cc3 = cc2] : 0 <= cc2 <= 15;"
             "S_52[cc29] -> S_57[cc34 = cc29] : 0 <= cc29 <= 15;"
             "S_29[cc15] -> S_30[cc16 = cc15] : 0 <= cc15 <= 15;"
             "S_2[cc1] -> S_31[cc17 = cc1] : 0 <= cc1 <= 15;"
             "S_12[cc9] -> S_58[cc35 = cc9] : 0 <= cc9 <= 15;"
             "S_20[cc9] -> S_41[cc20 = cc9] : 0 <= cc9 <= 15;"
             "S_49[cc26] -> S_52[cc29 = cc26] : 0 <= cc26 <= 15;"
             "S_12[cc9] -> S_13[cc9' = cc9] : 0 <= cc9 <= 15;"
             "S_16[cc9] -> S_17[cc9' = cc9] : 0 <= cc9 <= 15;"
             "S_60[cc37] -> S_61[cc38 = cc37] : 0 <= cc37 <= 15;"
             "S_22[cc9] -> S_24[cc9' = cc9] : 0 <= cc9 <= 15;"
             "S_35[cc20] -> S_36[cc20' = cc20] : 0 <= cc20 <= 15;"
             "S_41[cc20] -> S_42[cc20' = cc20] : 0 <= cc20 <= 15;"
             "S_48[cc25] -> S_49[cc26 = cc25] : 0 <= cc25 <= 15;"
             "S_38[cc20] -> S_39[cc20' = cc20] : 0 <= cc20 <= 15;"
             "S_4[cc3] -> S_46[cc23 = cc3] : 0 <= cc3 <= 15;"
             "S_14[cc9] -> S_15[cc9' = cc9] : 0 <= cc9 <= 15;"
             "S_40[cc20] -> S_42[cc20' = cc20] : 0 <= cc20 <= 15;"
             "S_4[cc3] -> S_25[cc10 = cc3] : 0 <= cc3 <= 15;"
             "S_8[cc6] -> S_9[cc7 = cc6] : 0 <= cc6 <= 15;"
             "S_11[cc8] -> S_43[cc20 = cc8] : 0 <= cc8 <= 15;"
             "S_17[cc9] -> S_18[cc9' = cc9] : 0 <= cc9 <= 15;"
             "S_22[cc9] -> S_23[cc9' = cc9] : 0 <= cc9 <= 15;"
             "S_13[cc9] -> S_14[cc9' = cc9] : 0 <= cc9 <= 15;"
             "S_9[cc7] -> S_10[cc8 = cc7] : 0 <= cc7 <= 15;"
             "S_1[cc1] -> S_55[cc32 = cc1] : 0 <= cc1 <= 15;"
             "S_5[cc4] -> S_9[cc7 = cc4] : 0 <= cc4 <= 15;"
             "S_51[cc28] -> S_52[cc29 = cc28] : 0 <= cc28 <= 15;"
             "S_45[cc22] -> S_46[cc23 = cc22] : 0 <= cc22 <= 15;"
             "S_24[cc9] -> S_25[cc10 = cc9] : 0 <= cc9 <= 15;"
             "S_58[cc35] -> S_61[cc38 = cc35] : 0 <= cc35 <= 15;"
             "S_15[cc9] -> S_16[cc9' = cc9] : 0 <= cc9 <= 15;"
             "S_26[cc12] -> S_53[cc30 = cc12] : 0 <= cc12 <= 15;"
             "S_2[cc1] -> S_8[cc6 = cc1] : 0 <= cc1 <= 15;"
             "S_57[cc34] -> S_63[cc40 = cc34] : 0 <= cc34 <= 15;"
             "S_11[cc8] -> S_24[cc9 = cc8] : 0 <= cc8 <= 15;"
             "S_11[cc8] -> S_19[cc9 = cc8] : 0 <= cc8 <= 15;"
             "S_10[cc8] -> S_11[cc8' = cc8] : 0 <= cc8 <= 15;"
             "S_30[cc16] -> S_31[cc17 = cc16] : 0 <= cc16 <= 15;"
             "S_54[cc31] -> S_55[cc32 = cc31] : 0 <= cc31 <= 15;"
             "S_25[cc10] -> S_54[cc31 = cc10] : 0 <= cc10 <= 15;"
             "S_56[cc33] -> S_57[cc34 = cc33] : 0 <= cc33 <= 15;"
             "S_1[cc1] -> S_2[cc1' = cc1] : 0 <= cc1 <= 15;"
             "S_53[cc30] -> S_56[cc33 = cc30] : 0 <= cc30 <= 15;"
             "S_36[cc20] -> S_37[cc20' = cc20] : 0 <= cc20 <= 15;"
             "S_55[cc32] -> S_56[cc33 = cc32] : 0 <= cc32 <= 15;"
             "S_43[cc20] -> S_44[cc21 = cc20] : 0 <= cc20 <= 15;"
             "S_46[cc23] -> S_47[cc24 = cc23] : 0 <= cc23 <= 15;"
             "S_29[cc15] -> S_58[cc35 = cc15] : 0 <= cc15 <= 15;"
             "S_39[cc20] -> S_40[cc20' = cc20] : 0 <= cc20 <= 15;"
             "S_59[cc36] -> S_60[cc37 = cc36] : 0 <= cc36 <= 15;"
             "S_62[cc39] -> S_63[cc40 = cc39] : 0 <= cc39 <= 15;"
             "S_1[cc1] -> S_28[cc14 = cc1] : 0 <= cc1 <= 15;"
             "S_27[cc13] -> S_28[cc14 = cc13] : 0 <= cc13 <= 15;"
             "S_6[cc5] -> S_7[cc5' = cc5] : 0 <= cc5 <= 15;"
             "S_12[cc9] -> S_53[cc30 = cc9] : 0 <= cc9 <= 15;"
             "S_50[cc27] -> S_51[cc28 = cc27] : 0 <= cc27 <= 15;"
             "S_23[cc9] -> S_24[cc9' = cc9] : 0 <= cc9 <= 15;"
             "S_18[cc9] -> S_23[cc9' = cc9] : 0 <= cc9 <= 15;"
             "S_32[cc18] -> S_33[cc19 = cc18] : 0 <= cc18 <= 15;"
             "S_41[cc20] -> S_43[cc20' = cc20] : 0 <= cc20 <= 15;"
             "S_19[cc9] -> S_20[cc9' = cc9] : 0 <= cc9 <= 15;"
             "S_47[cc24] -> S_48[cc25 = cc24] : 0 <= cc24 <= 15;"
             "S_2[cc1] -> S_3[cc2 = cc1] : 0 <= cc1 <= 15;"
             "S_7[cc5] -> S_29[cc15 = cc5] : 0 <= cc5 <= 15;"
             "S_21[cc9] -> S_22[cc9' = cc9] : 0 <= cc9 <= 15;"
             "S_25[cc10] -> S_33[cc19 = cc10] : 0 <= cc10 <= 15;"
             "S_28[cc14] -> S_32[cc18 = cc14] : 0 <= cc14 <= 15;"
             "S_44[cc21] -> S_47[cc24 = cc21] : 0 <= cc21 <= 15;"
             "S_54[cc31] -> S_59[cc36 = cc31] : 0 <= cc31 <= 15;"
             "S_37[cc20] -> S_38[cc20' = cc20] : 0 <= cc20 <= 15;"
             "S_7[cc5] -> S_8[cc6 = cc5] : 0 <= cc5 <= 15 }"
coincidence: "{ S_31[cc17] -> S_32[cc18 = cc17] : 0 <= cc17 <= 15;"
               "S_2[cc1] -> S_50[cc27 = cc1] : 0 <= cc1 <= 15;"
               "S_48[cc25] -> S_50[cc27 = cc25] : 0 <= cc25 <= 15;"
               "S_42[cc20] -> S_43[cc20' = cc20] : 0 <= cc20 <= 15;"
               "S_20[cc9] -> S_21[cc9' = cc9] : 0 <= cc9 <= 15;"
               "S_61[cc38] -> S_62[cc39 = cc38] : 0 <= cc38 <= 15;"
               "S_32[cc18] -> S_45[cc22 = cc18] : 0 <= cc18 <= 15;"
               "S_2[cc1] -> S_60[cc37 = cc1] : 0 <= cc1 <= 15;"
               "S_34[cc20] -> S_35[cc20' = cc20] : 0 <= cc20 <= 15;"
               "S_0[cc0] -> S_4[cc3 = cc0] : 0 <= cc0 <= 15;"
               "S_26[cc12] -> S_27[cc13 = cc12] : 0 <= cc12 <= 15;"
               "S_3[cc2] -> S_4[cc3 = cc2] : 0 <= cc2 <= 15;"
               "S_52[cc29] -> S_57[cc34 = cc29] : 0 <= cc29 <= 15;"
               "S_29[cc15] -> S_30[cc16 = cc15] : 0 <= cc15 <= 15;"
               "S_2[cc1] -> S_31[cc17 = cc1] : 0 <= cc1 <= 15;"
               "S_12[cc9] -> S_58[cc35 = cc9] : 0 <= cc9 <= 15;"
               "S_20[cc9] -> S_41[cc20 = cc9] : 0 <= cc9 <= 15;"
               "S_49[cc26] -> S_52[cc29 = cc26] : 0 <= cc26 <= 15;"
               "S_12[cc9] -> S_13[cc9' = cc9] : 0 <= cc9 <= 15;"
               "S_16[cc9] -> S_17[cc9' = cc9] : 0 <= cc9 <= 15;"
               "S_60[cc37] -> S_61[cc38 = cc37] : 0 <= cc37 <= 15;"
               "S_22[cc9] -> S_24[cc9' = cc9] : 0 <= cc9 <= 15;"
               "S_35[cc20] -> S_36[cc20' = cc20] : 0 <= cc20 <= 15;"
               "S_41[cc20] -> S_42[cc20' = cc20] : 0 <= cc20 <= 15;"
               "S_48[cc25] -> S_49[cc26 = cc25] : 0 <= cc25 <= 15;"
               "S_38[cc20] -> S_39[cc20' = cc20] : 0 <= cc20 <= 15;"
               "S_4[cc3] -> S_46[cc23 = cc3] : 0 <= cc3 <= 15;"
               "S_14[cc9] -> S_15[cc9' = cc9] : 0 <= cc9 <= 15;"
               "S_40[cc20] -> S_42[cc20' = cc20] : 0 <= cc20 <= 15;"
               "S_4[cc3] -> S_25[cc10 = cc3] : 0 <= cc3 <= 15;"
               "S_8[cc6] -> S_9[cc7 = cc6] : 0 <= cc6 <= 15;"
               "S_11[cc8] -> S_43[cc20 = cc8] : 0 <= cc8 <= 15;"
               "S_17[cc9] -> S_18[cc9' = cc9] : 0 <= cc9 <= 15;"
               "S_22[cc9] -> S_23[cc9' = cc9] : 0 <= cc9 <= 15;"
               "S_13[cc9] -> S_14[cc9' = cc9] : 0 <= cc9 <= 15;"
               "S_9[cc7] -> S_10[cc8 = cc7] : 0 <= cc7 <= 15;"
               "S_1[cc1] -> S_55[cc32 = cc1] : 0 <= cc1 <= 15;"
               "S_5[cc4] -> S_9[cc7 = cc4] : 0 <= cc4 <= 15;"
               "S_51[cc28] -> S_52[cc29 = cc28] : 0 <= cc28 <= 15;"
               "S_45[cc22] -> S_46[cc23 = cc22] : 0 <= cc22 <= 15;"
               "S_24[cc9] -> S_25[cc10 = cc9] : 0 <= cc9 <= 15;"
               "S_58[cc35] -> S_61[cc38 = cc35] : 0 <= cc35 <= 15;"
               "S_15[cc9] -> S_16[cc9' = cc9] : 0 <= cc9 <= 15;"
               "S_26[cc12] -> S_53[cc30 = cc12] : 0 <= cc12 <= 15;"
               "S_2[cc1] -> S_8[cc6 = cc1] : 0 <= cc1 <= 15;"
               "S_57[cc34] -> S_63[cc40 = cc34] : 0 <= cc34 <= 15;"
               "S_11[cc8] -> S_24[cc9 = cc8] : 0 <= cc8 <= 15;"
               "S_11[cc8] -> S_19[cc9 = cc8] : 0 <= cc8 <= 15;"
               "S_10[cc8] -> S_11[cc8' = cc8] : 0 <= cc8 <= 15;"
               "S_30[cc16] -> S_31[cc17 = cc16] : 0 <= cc16 <= 15;"
               "S_54[cc31] -> S_55[cc32 = cc31] : 0 <= cc31 <= 15;"
               "S_25[cc10] -> S_54[cc31 = cc10] : 0 <= cc10 <= 15;"
               "S_56[cc33] -> S_57[cc34 = cc33] : 0 <= cc33 <= 15;"
               "S_1[cc1] -> S_2[cc1' = cc1] : 0 <= cc1 <= 15;"
               "S_53[cc30] -> S_56[cc33 = cc30] : 0 <= cc30 <= 15;"
               "S_36[cc20] -> S_37[cc20' = cc20] : 0 <= cc20 <= 15;"
               "S_55[cc32] -> S_56[cc33 = cc32] : 0 <= cc32 <= 15;"
               "S_43[cc20] -> S_44[cc21 = cc20] : 0 <= cc20 <= 15;"
               "S_46[cc23] -> S_47[cc24 = cc23] : 0 <= cc23 <= 15;"
               "S_29[cc15] -> S_58[cc35 = cc15] : 0 <= cc15 <= 15;"
               "S_39[cc20] -> S_40[cc20' = cc20] : 0 <= cc20 <= 15;"
               "S_59[cc36] -> S_60[cc37 = cc36] : 0 <= cc36 <= 15;"
               "S_62[cc39] -> S_63[cc40 = cc39] : 0 <= cc39 <= 15;"
               "S_1[cc1] -> S_28[cc14 = cc1] : 0 <= cc1 <= 15;"
               "S_27[cc13] -> S_28[cc14 = cc13] : 0 <= cc13 <= 15;"
               "S_6[cc5] -> S_7[cc5' = cc5] : 0 <= cc5 <= 15;"
               "S_12[cc9] -> S_53[cc30 = cc9] : 0 <= cc9 <= 15;"
               "S_50[cc27] -> S_51[cc28 = cc27] : 0 <= cc27 <= 15;"
               "S_23[cc9] -> S_24[cc9' = cc9] : 0 <= cc9 <= 15;"
               "S_18[cc9] -> S_23[cc9' = cc9] : 0 <= cc9 <= 15;"
               "S_32[cc18] -> S_33[cc19 = cc18] : 0 <= cc18 <= 15;"
               "S_41[cc20] -> S_43[cc20' = cc20] : 0 <= cc20 <= 15;"
               "S_19[cc9] -> S_20[cc9' = cc9] : 0 <= cc9 <= 15;"
               "S_47[cc24] -> S_48[cc25 = cc24] : 0 <= cc24 <= 15;"
               "S_2[cc1] -> S_3[cc2 = cc1] : 0 <= cc1 <= 15;"
               "S_7[cc5] -> S_29[cc15 = cc5] : 0 <= cc5 <= 15;"
               "S_21[cc9] -> S_22[cc9' = cc9] : 0 <= cc9 <= 15;"
               "S_25[cc10] -> S_33[cc19 = cc10] : 0 <= cc10 <= 15;"
               "S_28[cc14] -> S_32[cc18 = cc14] : 0 <= cc14 <= 15;"
               "S_44[cc21] -> S_47[cc24 = cc21] : 0 <= cc21 <= 15;"
               "S_54[cc31] -> S_59[cc36 = cc31] : 0 <= cc31 <= 15;"
               "S_37[cc20] -> S_38[cc20' = cc20] : 0 <= cc20 <= 15;"
               "S_7[cc5] -> S_8[cc6 = cc5] : 0 <= cc5 <= 15 }"

>>>>>>>>>> time_records <<<<<<<<<<
[ Polyhedral exec time ], InitSchedule spent 247.585 ms
[ Polyhedral exec time ], ConstrainSchedule spent 86.6315 ms
[ Polyhedral exec time ], GroupStatements spent 18.1864 ms
[ Polyhedral exec time ], ComputeSchedule spent 55.9105 ms
[ Polyhedral exec time ], SinkLastAxis spent 0.0065 ms
[ Polyhedral exec time ], UnGroupStatements spent 29.8052 ms
[ Polyhedral exec time ], ComputeInnerBandDependency spent 0.00795 ms
[ Polyhedral exec time ], AnalyzeSchedule spent 2.0902 ms
[ Polyhedral exec time ], TileOuterBand spent 173.897 ms
[ Polyhedral exec time ], ResetCoincidenceOfReduce spent 0.226333 ms
[ Polyhedral exec time ], Reschedule spent 65.3802 ms
[ Polyhedral exec time ], ReorderInnerBand spent 0.327925 ms
[ Polyhedral exec time ], ChangeMarkNodePosition spent 0.00177 ms
[ Polyhedral exec time ], LabelRealizeOutPosition spent 0.094142 ms
[ Polyhedral exec time ], MemoryManager spent 1364.54 ms
[ Polyhedral exec time ], TransferStmt spent 0.00314 ms
[ Polyhedral exec time ], ReorderMarkNodes spent 0.127892 ms
[ Polyhedral exec time ], MarkFuseOp spent 0.104762 ms
[ Polyhedral exec time ], MarkOuterMost spent 0.043631 ms
