
>>>>>>>>>> group_filter_map <<<<<<<<<<

>>>>>>>>>> dependences <<<<<<<<<<
{ S_0[] -> S_1[] }

>>>>>>>>>> constraints <<<<<<<<<<
domain: "{ S_0[];"
          "S_1[] }"
validity: "{ S_0[] -> S_1[] }"
proximity: "{ S_0[] -> S_1[] }"
coincidence: "{ S_0[] -> S_1[] }"

>>>>>>>>>> time_records <<<<<<<<<<
[ Polyhedral exec time ], TileOuterBand spent 0.645229 ms
[ Polyhedral exec time ], ResetCoincidenceOfReduce spent 0.01058 ms
[ Polyhedral exec time ], Reschedule spent 0.101131 ms
[ Polyhedral exec time ], ReorderInnerBand spent 0.00958 ms
[ Polyhedral exec time ], ChangeMarkNodePosition spent 0.00185 ms
[ Polyhedral exec time ], LabelRealizeOutPosition spent 0.01274 ms
[ Polyhedral exec time ], MemoryManager spent 2.55274 ms
[ Polyhedral exec time ], TransferStmt spent 0.00359 ms
[ Polyhedral exec time ], ReorderMarkNodes spent 0.03183 ms
[ Polyhedral exec time ], MarkFuseOp spent 0.01276 ms
[ Polyhedral exec time ], MarkOuterMost spent 0.00873 ms
